3
0.70
0.37
500
46627
188
186.51
330
14.31
63
2.81
ALPHA = 0.1
qtd de solucoes = 39
media do valor das solucoes = 4.00
ALPHA = 0.2
qtd de solucoes = 29
media do valor das solucoes = 4.00
ALPHA = 0.3
qtd de solucoes = 30
media do valor das solucoes = 4.00
ALPHA = 0.4
qtd de solucoes = 32
media do valor das solucoes = 4.00
ALPHA = 0.5
qtd de solucoes = 30
media do valor das solucoes = 4.00
ALPHA = 0.6
qtd de solucoes = 34
media do valor das solucoes = 4.00
ALPHA = 0.7
qtd de solucoes = 33
media do valor das solucoes = 3.82
ALPHA = 0.8
qtd de solucoes = 38
media do valor das solucoes = 3.79
ALPHA = 0.9
qtd de solucoes = 27
media do valor das solucoes = 3.74
ALPHA = 1.0
qtd de solucoes = 38
media do valor das solucoes = 3.89
