7
1.00
0.08
200
1534
17
15.34
2587
10.39
98
0.38
ALPHA = 0.1
qtd de solucoes = 245
media do valor das solucoes = 10.06
ALPHA = 0.2
qtd de solucoes = 271
media do valor das solucoes = 10.01
ALPHA = 0.3
qtd de solucoes = 232
media do valor das solucoes = 10.10
ALPHA = 0.4
qtd de solucoes = 230
media do valor das solucoes = 9.83
ALPHA = 0.5
qtd de solucoes = 249
media do valor das solucoes = 9.81
ALPHA = 0.6
qtd de solucoes = 264
media do valor das solucoes = 9.78
ALPHA = 0.7
qtd de solucoes = 280
media do valor das solucoes = 9.65
ALPHA = 0.8
qtd de solucoes = 248
media do valor das solucoes = 9.65
ALPHA = 0.9
qtd de solucoes = 282
media do valor das solucoes = 9.61
ALPHA = 1.0
qtd de solucoes = 286
media do valor das solucoes = 8.33
