7
0.10
0.01
2277
31421
732
27.60
187
22.17
1
0.11
ALPHA = 0.1
qtd de solucoes = 19
media do valor das solucoes = 7.37
ALPHA = 0.2
qtd de solucoes = 20
media do valor das solucoes = 7.50
ALPHA = 0.3
qtd de solucoes = 15
media do valor das solucoes = 7.73
ALPHA = 0.4
qtd de solucoes = 21
media do valor das solucoes = 7.67
ALPHA = 0.5
qtd de solucoes = 18
media do valor das solucoes = 7.67
ALPHA = 0.6
qtd de solucoes = 19
media do valor das solucoes = 7.84
ALPHA = 0.7
qtd de solucoes = 19
media do valor das solucoes = 8.11
ALPHA = 0.8
qtd de solucoes = 18
media do valor das solucoes = 8.50
ALPHA = 0.9
qtd de solucoes = 15
media do valor das solucoes = 8.67
ALPHA = 1.0
qtd de solucoes = 23
media do valor das solucoes = 8.52
