7
0.30
0.00
54573
498202
420
18.26
104
312.03
28
86.08
ALPHA = 0.1
qtd de solucoes = 10
media do valor das solucoes = 8.00
ALPHA = 0.2
qtd de solucoes = 10
media do valor das solucoes = 8.00
ALPHA = 0.3
qtd de solucoes = 10
media do valor das solucoes = 7.80
ALPHA = 0.4
qtd de solucoes = 10
media do valor das solucoes = 7.90
ALPHA = 0.5
qtd de solucoes = 11
media do valor das solucoes = 7.73
ALPHA = 0.6
qtd de solucoes = 11
media do valor das solucoes = 7.91
ALPHA = 0.7
qtd de solucoes = 11
media do valor das solucoes = 8.00
ALPHA = 0.8
qtd de solucoes = 10
media do valor das solucoes = 8.20
ALPHA = 0.9
qtd de solucoes = 10
media do valor das solucoes = 8.90
ALPHA = 1.0
qtd de solucoes = 11
media do valor das solucoes = 9.00
