10
0.10
0.00
3892
17262
126
8.87
194
20.74
1
0.10
ALPHA = 0.1
qtd de solucoes = 26
media do valor das solucoes = 10.19
ALPHA = 0.2
qtd de solucoes = 19
media do valor das solucoes = 10.79
ALPHA = 0.3
qtd de solucoes = 18
media do valor das solucoes = 11.00
ALPHA = 0.4
qtd de solucoes = 24
media do valor das solucoes = 11.08
ALPHA = 0.5
qtd de solucoes = 17
media do valor das solucoes = 11.35
ALPHA = 0.6
qtd de solucoes = 21
media do valor das solucoes = 11.57
ALPHA = 0.7
qtd de solucoes = 14
media do valor das solucoes = 11.50
ALPHA = 0.8
qtd de solucoes = 17
media do valor das solucoes = 12.06
ALPHA = 0.9
qtd de solucoes = 18
media do valor das solucoes = 12.39
ALPHA = 1.0
qtd de solucoes = 20
media do valor das solucoes = 13.25
