7
0.40
0.00
5908
41729
323
14.13
150
30.04
34
6.77
ALPHA = 0.1
qtd de solucoes = 15
media do valor das solucoes = 8.67
ALPHA = 0.2
qtd de solucoes = 15
media do valor das solucoes = 8.60
ALPHA = 0.3
qtd de solucoes = 15
media do valor das solucoes = 8.53
ALPHA = 0.4
qtd de solucoes = 17
media do valor das solucoes = 8.65
ALPHA = 0.5
qtd de solucoes = 16
media do valor das solucoes = 8.62
ALPHA = 0.6
qtd de solucoes = 16
media do valor das solucoes = 8.81
ALPHA = 0.7
qtd de solucoes = 11
media do valor das solucoes = 9.09
ALPHA = 0.8
qtd de solucoes = 17
media do valor das solucoes = 9.18
ALPHA = 0.9
qtd de solucoes = 14
media do valor das solucoes = 9.36
ALPHA = 1.0
qtd de solucoes = 14
media do valor das solucoes = 9.79
