5
0.10
0.01
4039
88234
1045
43.69
153
29.12
1
0.18
ALPHA = 0.1
qtd de solucoes = 23
media do valor das solucoes = 5.00
ALPHA = 0.2
qtd de solucoes = 12
media do valor das solucoes = 5.00
ALPHA = 0.3
qtd de solucoes = 15
media do valor das solucoes = 5.13
ALPHA = 0.4
qtd de solucoes = 12
media do valor das solucoes = 5.33
ALPHA = 0.5
qtd de solucoes = 17
media do valor das solucoes = 5.47
ALPHA = 0.6
qtd de solucoes = 20
media do valor das solucoes = 5.65
ALPHA = 0.7
qtd de solucoes = 12
media do valor das solucoes = 5.92
ALPHA = 0.8
qtd de solucoes = 12
media do valor das solucoes = 6.25
ALPHA = 0.9
qtd de solucoes = 15
media do valor das solucoes = 6.80
ALPHA = 1.0
qtd de solucoes = 15
media do valor das solucoes = 6.87
