5
0.60
0.01
1258
7513
206
11.94
648
11.87
181
3.33
ALPHA = 0.1
qtd de solucoes = 56
media do valor das solucoes = 6.00
ALPHA = 0.2
qtd de solucoes = 73
media do valor das solucoes = 6.00
ALPHA = 0.3
qtd de solucoes = 58
media do valor das solucoes = 6.00
ALPHA = 0.4
qtd de solucoes = 75
media do valor das solucoes = 6.00
ALPHA = 0.5
qtd de solucoes = 62
media do valor das solucoes = 6.00
ALPHA = 0.6
qtd de solucoes = 67
media do valor das solucoes = 6.03
ALPHA = 0.7
qtd de solucoes = 67
media do valor das solucoes = 5.96
ALPHA = 0.8
qtd de solucoes = 72
media do valor das solucoes = 6.00
ALPHA = 0.9
qtd de solucoes = 63
media do valor das solucoes = 6.02
ALPHA = 1.0
qtd de solucoes = 55
media do valor das solucoes = 6.67
