6
0.20
0.01
643
2280
165
7.09
1571
10.68
13
0.09
ALPHA = 0.1
qtd de solucoes = 161
media do valor das solucoes = 7.00
ALPHA = 0.2
qtd de solucoes = 155
media do valor das solucoes = 6.63
ALPHA = 0.3
qtd de solucoes = 162
media do valor das solucoes = 6.54
ALPHA = 0.4
qtd de solucoes = 162
media do valor das solucoes = 6.68
ALPHA = 0.5
qtd de solucoes = 157
media do valor das solucoes = 6.82
ALPHA = 0.6
qtd de solucoes = 159
media do valor das solucoes = 6.42
ALPHA = 0.7
qtd de solucoes = 166
media do valor das solucoes = 6.34
ALPHA = 0.8
qtd de solucoes = 168
media do valor das solucoes = 6.30
ALPHA = 0.9
qtd de solucoes = 156
media do valor das solucoes = 6.46
ALPHA = 1.0
qtd de solucoes = 125
media do valor das solucoes = 7.32
