5
0.10
0.00
1000
1996
69
3.99
1935
10.53
1
0.01
ALPHA = 0.1
qtd de solucoes = 224
media do valor das solucoes = 5.00
ALPHA = 0.2
qtd de solucoes = 229
media do valor das solucoes = 5.00
ALPHA = 0.3
qtd de solucoes = 208
media do valor das solucoes = 5.07
ALPHA = 0.4
qtd de solucoes = 217
media do valor das solucoes = 5.15
ALPHA = 0.5
qtd de solucoes = 186
media do valor das solucoes = 5.53
ALPHA = 0.6
qtd de solucoes = 185
media do valor das solucoes = 5.65
ALPHA = 0.7
qtd de solucoes = 182
media do valor das solucoes = 5.77
ALPHA = 0.8
qtd de solucoes = 190
media do valor das solucoes = 5.90
ALPHA = 0.9
qtd de solucoes = 173
media do valor das solucoes = 6.06
ALPHA = 1.0
qtd de solucoes = 141
media do valor das solucoes = 6.79
