3
0.40
0.43
200
8473
86
84.73
1524
10.70
31
0.25
ALPHA = 0.1
qtd de solucoes = 150
media do valor das solucoes = 4.00
ALPHA = 0.2
qtd de solucoes = 161
media do valor das solucoes = 4.00
ALPHA = 0.3
qtd de solucoes = 145
media do valor das solucoes = 4.00
ALPHA = 0.4
qtd de solucoes = 137
media do valor das solucoes = 3.74
ALPHA = 0.5
qtd de solucoes = 146
media do valor das solucoes = 3.58
ALPHA = 0.6
qtd de solucoes = 151
media do valor das solucoes = 3.55
ALPHA = 0.7
qtd de solucoes = 159
media do valor das solucoes = 3.49
ALPHA = 0.8
qtd de solucoes = 180
media do valor das solucoes = 3.47
ALPHA = 0.9
qtd de solucoes = 141
media do valor das solucoes = 3.55
ALPHA = 1.0
qtd de solucoes = 154
media do valor das solucoes = 3.53
