5
0.30
0.19
500
23191
95
92.76
400
13.46
29
1.03
ALPHA = 0.1
qtd de solucoes = 44
media do valor das solucoes = 5.80
ALPHA = 0.2
qtd de solucoes = 43
media do valor das solucoes = 5.84
ALPHA = 0.3
qtd de solucoes = 40
media do valor das solucoes = 5.93
ALPHA = 0.4
qtd de solucoes = 28
media do valor das solucoes = 5.75
ALPHA = 0.5
qtd de solucoes = 48
media do valor das solucoes = 5.77
ALPHA = 0.6
qtd de solucoes = 36
media do valor das solucoes = 5.83
ALPHA = 0.7
qtd de solucoes = 35
media do valor das solucoes = 5.97
ALPHA = 0.8
qtd de solucoes = 42
media do valor das solucoes = 5.81
ALPHA = 0.9
qtd de solucoes = 37
media do valor das solucoes = 5.86
ALPHA = 1.0
qtd de solucoes = 47
media do valor das solucoes = 5.26
