5
0.30
0.16
200
3235
34
32.35
2241
10.47
25
0.12
ALPHA = 0.1
qtd de solucoes = 242
media do valor das solucoes = 6.18
ALPHA = 0.2
qtd de solucoes = 233
media do valor das solucoes = 6.16
ALPHA = 0.3
qtd de solucoes = 220
media do valor das solucoes = 6.10
ALPHA = 0.4
qtd de solucoes = 237
media do valor das solucoes = 6.15
ALPHA = 0.5
qtd de solucoes = 219
media do valor das solucoes = 6.13
ALPHA = 0.6
qtd de solucoes = 242
media do valor das solucoes = 6.16
ALPHA = 0.7
qtd de solucoes = 183
media do valor das solucoes = 6.16
ALPHA = 0.8
qtd de solucoes = 224
media do valor das solucoes = 6.15
ALPHA = 0.9
qtd de solucoes = 211
media do valor das solucoes = 6.13
ALPHA = 1.0
qtd de solucoes = 230
media do valor das solucoes = 5.67
