10
1.00
0.04
500
4459
20
17.84
657
11.80
110
1.96
ALPHA = 0.1
qtd de solucoes = 63
media do valor das solucoes = 15.37
ALPHA = 0.2
qtd de solucoes = 58
media do valor das solucoes = 15.45
ALPHA = 0.3
qtd de solucoes = 57
media do valor das solucoes = 15.37
ALPHA = 0.4
qtd de solucoes = 60
media do valor das solucoes = 15.00
ALPHA = 0.5
qtd de solucoes = 54
media do valor das solucoes = 14.98
ALPHA = 0.6
qtd de solucoes = 64
media do valor das solucoes = 15.11
ALPHA = 0.7
qtd de solucoes = 72
media do valor das solucoes = 15.28
ALPHA = 0.8
qtd de solucoes = 68
media do valor das solucoes = 15.10
ALPHA = 0.9
qtd de solucoes = 83
media do valor das solucoes = 14.99
ALPHA = 1.0
qtd de solucoes = 78
media do valor das solucoes = 12.46
