7
1.00
0.07
500
9139
38
36.56
480
12.55
96
2.47
ALPHA = 0.1
qtd de solucoes = 56
media do valor das solucoes = 10.55
ALPHA = 0.2
qtd de solucoes = 46
media do valor das solucoes = 10.54
ALPHA = 0.3
qtd de solucoes = 44
media do valor das solucoes = 10.50
ALPHA = 0.4
qtd de solucoes = 40
media do valor das solucoes = 10.40
ALPHA = 0.5
qtd de solucoes = 51
media do valor das solucoes = 10.39
ALPHA = 0.6
qtd de solucoes = 56
media do valor das solucoes = 10.27
ALPHA = 0.7
qtd de solucoes = 44
media do valor das solucoes = 10.05
ALPHA = 0.8
qtd de solucoes = 43
media do valor das solucoes = 10.05
ALPHA = 0.9
qtd de solucoes = 44
media do valor das solucoes = 9.95
ALPHA = 1.0
qtd de solucoes = 56
media do valor das solucoes = 8.66
