44
0.10
0.00
12591
49620
709
7.88
107
181.83
1
1.78
ALPHA = 0.1
qtd de solucoes = 11
media do valor das solucoes = 44.00
ALPHA = 0.2
qtd de solucoes = 10
media do valor das solucoes = 44.40
ALPHA = 0.3
qtd de solucoes = 11
media do valor das solucoes = 44.45
ALPHA = 0.4
qtd de solucoes = 10
media do valor das solucoes = 44.20
ALPHA = 0.5
qtd de solucoes = 11
media do valor das solucoes = 44.36
ALPHA = 0.6
qtd de solucoes = 11
media do valor das solucoes = 44.45
ALPHA = 0.7
qtd de solucoes = 10
media do valor das solucoes = 44.60
ALPHA = 0.8
qtd de solucoes = 11
media do valor das solucoes = 44.64
ALPHA = 0.9
qtd de solucoes = 12
media do valor das solucoes = 44.67
ALPHA = 1.0
qtd de solucoes = 10
media do valor das solucoes = 46.50
