6
0.50
0.00
11631
170918
3546
29.39
113
86.32
45
33.79
ALPHA = 0.1
qtd de solucoes = 11
media do valor das solucoes = 7.00
ALPHA = 0.2
qtd de solucoes = 10
media do valor das solucoes = 7.00
ALPHA = 0.3
qtd de solucoes = 11
media do valor das solucoes = 7.00
ALPHA = 0.4
qtd de solucoes = 11
media do valor das solucoes = 7.18
ALPHA = 0.5
qtd de solucoes = 12
media do valor das solucoes = 7.08
ALPHA = 0.6
qtd de solucoes = 11
media do valor das solucoes = 7.64
ALPHA = 0.7
qtd de solucoes = 12
media do valor das solucoes = 7.83
ALPHA = 0.8
qtd de solucoes = 11
media do valor das solucoes = 7.82
ALPHA = 0.9
qtd de solucoes = 13
media do valor das solucoes = 7.77
ALPHA = 1.0
qtd de solucoes = 11
media do valor das solucoes = 7.73
