7
0.10
0.01
379
914
34
4.82
3650
10.28
1
0.00
ALPHA = 0.1
qtd de solucoes = 424
media do valor das solucoes = 7.08
ALPHA = 0.2
qtd de solucoes = 421
media do valor das solucoes = 7.06
ALPHA = 0.3
qtd de solucoes = 402
media do valor das solucoes = 7.52
ALPHA = 0.4
qtd de solucoes = 385
media do valor das solucoes = 7.61
ALPHA = 0.5
qtd de solucoes = 401
media do valor das solucoes = 7.86
ALPHA = 0.6
qtd de solucoes = 359
media do valor das solucoes = 8.00
ALPHA = 0.7
qtd de solucoes = 368
media do valor das solucoes = 8.49
ALPHA = 0.8
qtd de solucoes = 297
media do valor das solucoes = 8.86
ALPHA = 0.9
qtd de solucoes = 299
media do valor das solucoes = 9.36
ALPHA = 1.0
qtd de solucoes = 294
media do valor das solucoes = 9.67
