4
0.60
0.04
962
18812
313
39.11
382
13.61
60
2.24
ALPHA = 0.1
qtd de solucoes = 46
media do valor das solucoes = 5.00
ALPHA = 0.2
qtd de solucoes = 39
media do valor das solucoes = 5.00
ALPHA = 0.3
qtd de solucoes = 31
media do valor das solucoes = 5.00
ALPHA = 0.4
qtd de solucoes = 37
media do valor das solucoes = 5.00
ALPHA = 0.5
qtd de solucoes = 44
media do valor das solucoes = 5.00
ALPHA = 0.6
qtd de solucoes = 38
media do valor das solucoes = 4.97
ALPHA = 0.7
qtd de solucoes = 27
media do valor das solucoes = 4.93
ALPHA = 0.8
qtd de solucoes = 39
media do valor das solucoes = 4.97
ALPHA = 0.9
qtd de solucoes = 39
media do valor das solucoes = 5.03
ALPHA = 1.0
qtd de solucoes = 42
media do valor das solucoes = 5.17
