6
0.10
0.01
5201
198493
1905
76.33
114
83.28
1
0.66
ALPHA = 0.1
qtd de solucoes = 11
media do valor das solucoes = 6.00
ALPHA = 0.2
qtd de solucoes = 11
media do valor das solucoes = 6.00
ALPHA = 0.3
qtd de solucoes = 11
media do valor das solucoes = 6.27
ALPHA = 0.4
qtd de solucoes = 11
media do valor das solucoes = 6.64
ALPHA = 0.5
qtd de solucoes = 11
media do valor das solucoes = 6.82
ALPHA = 0.6
qtd de solucoes = 11
media do valor das solucoes = 7.00
ALPHA = 0.7
qtd de solucoes = 15
media do valor das solucoes = 6.80
ALPHA = 0.8
qtd de solucoes = 10
media do valor das solucoes = 6.80
ALPHA = 0.9
qtd de solucoes = 10
media do valor das solucoes = 7.00
ALPHA = 1.0
qtd de solucoes = 13
media do valor das solucoes = 7.23
