5
0.10
0.00
1000
1996
0
0.00
1510
10.71
2
0.01
ALPHA = 0.1
qtd de solucoes = 178
media do valor das solucoes = 5.01
ALPHA = 0.2
qtd de solucoes = 172
media do valor das solucoes = 5.00
ALPHA = 0.3
qtd de solucoes = 191
media do valor das solucoes = 5.00
ALPHA = 0.4
qtd de solucoes = 164
media do valor das solucoes = 5.00
ALPHA = 0.5
qtd de solucoes = 140
media do valor das solucoes = 5.29
ALPHA = 0.6
qtd de solucoes = 149
media do valor das solucoes = 5.45
ALPHA = 0.7
qtd de solucoes = 141
media do valor das solucoes = 5.68
ALPHA = 0.8
qtd de solucoes = 149
media do valor das solucoes = 5.75
ALPHA = 0.9
qtd de solucoes = 128
media do valor das solucoes = 5.97
ALPHA = 1.0
qtd de solucoes = 98
media do valor das solucoes = 6.77
