5
0.60
0.19
500
23191
0
0.00
364
13.80
51
2.12
ALPHA = 0.1
qtd de solucoes = 37
media do valor das solucoes = 6.97
ALPHA = 0.2
qtd de solucoes = 35
media do valor das solucoes = 6.80
ALPHA = 0.3
qtd de solucoes = 39
media do valor das solucoes = 6.51
ALPHA = 0.4
qtd de solucoes = 30
media do valor das solucoes = 6.33
ALPHA = 0.5
qtd de solucoes = 36
media do valor das solucoes = 6.22
ALPHA = 0.6
qtd de solucoes = 38
media do valor das solucoes = 5.97
ALPHA = 0.7
qtd de solucoes = 40
media do valor das solucoes = 5.97
ALPHA = 0.8
qtd de solucoes = 36
media do valor das solucoes = 5.56
ALPHA = 0.9
qtd de solucoes = 31
media do valor das solucoes = 5.29
ALPHA = 1.0
qtd de solucoes = 42
media do valor das solucoes = 5.33
