11
1.00
0.04
500
4459
0
0.00
429
13.19
91
3.04
ALPHA = 0.1
qtd de solucoes = 39
media do valor das solucoes = 27.03
ALPHA = 0.2
qtd de solucoes = 36
media do valor das solucoes = 26.89
ALPHA = 0.3
qtd de solucoes = 36
media do valor das solucoes = 26.47
ALPHA = 0.4
qtd de solucoes = 29
media do valor das solucoes = 25.79
ALPHA = 0.5
qtd de solucoes = 40
media do valor das solucoes = 23.85
ALPHA = 0.6
qtd de solucoes = 42
media do valor das solucoes = 23.10
ALPHA = 0.7
qtd de solucoes = 39
media do valor das solucoes = 22.82
ALPHA = 0.8
qtd de solucoes = 50
media do valor das solucoes = 20.90
ALPHA = 0.9
qtd de solucoes = 43
media do valor das solucoes = 20.14
ALPHA = 1.0
qtd de solucoes = 75
media do valor das solucoes = 12.48
