7
1.00
0.07
500
9139
0
0.00
419
13.18
193
5.99
ALPHA = 0.1
qtd de solucoes = 37
media do valor das solucoes = 13.89
ALPHA = 0.2
qtd de solucoes = 38
media do valor das solucoes = 13.45
ALPHA = 0.3
qtd de solucoes = 41
media do valor das solucoes = 13.15
ALPHA = 0.4
qtd de solucoes = 36
media do valor das solucoes = 12.61
ALPHA = 0.5
qtd de solucoes = 37
media do valor das solucoes = 12.00
ALPHA = 0.6
qtd de solucoes = 57
media do valor das solucoes = 11.67
ALPHA = 0.7
qtd de solucoes = 49
media do valor das solucoes = 11.04
ALPHA = 0.8
qtd de solucoes = 40
media do valor das solucoes = 10.68
ALPHA = 0.9
qtd de solucoes = 41
media do valor das solucoes = 10.34
ALPHA = 1.0
qtd de solucoes = 43
media do valor das solucoes = 8.53
