7
1.00
0.08
200
1534
0
0.00
1980
10.54
91
0.50
ALPHA = 0.1
qtd de solucoes = 183
media do valor das solucoes = 13.38
ALPHA = 0.2
qtd de solucoes = 185
media do valor das solucoes = 13.11
ALPHA = 0.3
qtd de solucoes = 184
media do valor das solucoes = 12.80
ALPHA = 0.4
qtd de solucoes = 199
media do valor das solucoes = 12.47
ALPHA = 0.5
qtd de solucoes = 184
media do valor das solucoes = 12.26
ALPHA = 0.6
qtd de solucoes = 186
media do valor das solucoes = 11.60
ALPHA = 0.7
qtd de solucoes = 188
media do valor das solucoes = 11.18
ALPHA = 0.8
qtd de solucoes = 216
media do valor das solucoes = 10.72
ALPHA = 0.9
qtd de solucoes = 201
media do valor das solucoes = 10.36
ALPHA = 1.0
qtd de solucoes = 254
media do valor das solucoes = 8.30
