8
0.10
0.00
54573
498202
0
0.00
103
335.72
2
6.22
ALPHA = 0.1
qtd de solucoes = 10
media do valor das solucoes = 8.10
ALPHA = 0.2
qtd de solucoes = 10
media do valor das solucoes = 8.00
ALPHA = 0.3
qtd de solucoes = 11
media do valor das solucoes = 8.00
ALPHA = 0.4
qtd de solucoes = 10
media do valor das solucoes = 8.00
ALPHA = 0.5
qtd de solucoes = 10
media do valor das solucoes = 8.10
ALPHA = 0.6
qtd de solucoes = 10
media do valor das solucoes = 8.10
ALPHA = 0.7
qtd de solucoes = 10
media do valor das solucoes = 8.10
ALPHA = 0.8
qtd de solucoes = 12
media do valor das solucoes = 8.75
ALPHA = 0.9
qtd de solucoes = 10
media do valor das solucoes = 8.70
ALPHA = 1.0
qtd de solucoes = 10
media do valor das solucoes = 9.30
