7
0.10
0.00
7057
89455
0
0.00
128
46.81
2
0.69
ALPHA = 0.1
qtd de solucoes = 16
media do valor das solucoes = 7.06
ALPHA = 0.2
qtd de solucoes = 11
media do valor das solucoes = 7.00
ALPHA = 0.3
qtd de solucoes = 11
media do valor das solucoes = 7.09
ALPHA = 0.4
qtd de solucoes = 14
media do valor das solucoes = 7.00
ALPHA = 0.5
qtd de solucoes = 13
media do valor das solucoes = 7.08
ALPHA = 0.6
qtd de solucoes = 11
media do valor das solucoes = 7.00
ALPHA = 0.7
qtd de solucoes = 13
media do valor das solucoes = 7.15
ALPHA = 0.8
qtd de solucoes = 13
media do valor das solucoes = 7.46
ALPHA = 0.9
qtd de solucoes = 13
media do valor das solucoes = 7.38
ALPHA = 1.0
qtd de solucoes = 13
media do valor das solucoes = 8.31
