8
1.00
0.00
5908
41729
0
0.00
143
32.98
107
24.56
ALPHA = 0.1
qtd de solucoes = 15
media do valor das solucoes = 9.07
ALPHA = 0.2
qtd de solucoes = 15
media do valor das solucoes = 9.00
ALPHA = 0.3
qtd de solucoes = 13
media do valor das solucoes = 9.23
ALPHA = 0.4
qtd de solucoes = 13
media do valor das solucoes = 9.08
ALPHA = 0.5
qtd de solucoes = 13
media do valor das solucoes = 9.62
ALPHA = 0.6
qtd de solucoes = 16
media do valor das solucoes = 9.44
ALPHA = 0.7
qtd de solucoes = 14
media do valor das solucoes = 9.36
ALPHA = 0.8
qtd de solucoes = 13
media do valor das solucoes = 9.85
ALPHA = 0.9
qtd de solucoes = 14
media do valor das solucoes = 9.57
ALPHA = 1.0
qtd de solucoes = 17
media do valor das solucoes = 10.06
