11
0.10
0.00
3892
17262
0
0.00
183
22.12
3
0.36
ALPHA = 0.1
qtd de solucoes = 16
media do valor das solucoes = 11.19
ALPHA = 0.2
qtd de solucoes = 22
media do valor das solucoes = 11.50
ALPHA = 0.3
qtd de solucoes = 16
media do valor das solucoes = 11.88
ALPHA = 0.4
qtd de solucoes = 19
media do valor das solucoes = 11.68
ALPHA = 0.5
qtd de solucoes = 18
media do valor das solucoes = 11.94
ALPHA = 0.6
qtd de solucoes = 17
media do valor das solucoes = 11.88
ALPHA = 0.7
qtd de solucoes = 15
media do valor das solucoes = 11.80
ALPHA = 0.8
qtd de solucoes = 17
media do valor das solucoes = 11.71
ALPHA = 0.9
qtd de solucoes = 25
media do valor das solucoes = 11.68
ALPHA = 1.0
qtd de solucoes = 18
media do valor das solucoes = 13.33
