8
0.10
0.01
379
914
0
0.00
2332
10.45
1
0.00
ALPHA = 0.1
qtd de solucoes = 248
media do valor das solucoes = 9.99
ALPHA = 0.2
qtd de solucoes = 230
media do valor das solucoes = 9.53
ALPHA = 0.3
qtd de solucoes = 248
media do valor das solucoes = 9.93
ALPHA = 0.4
qtd de solucoes = 237
media do valor das solucoes = 10.32
ALPHA = 0.5
qtd de solucoes = 211
media do valor das solucoes = 10.58
ALPHA = 0.6
qtd de solucoes = 271
media do valor das solucoes = 10.40
ALPHA = 0.7
qtd de solucoes = 215
media do valor das solucoes = 10.47
ALPHA = 0.8
qtd de solucoes = 205
media do valor das solucoes = 10.65
ALPHA = 0.9
qtd de solucoes = 226
media do valor das solucoes = 10.79
ALPHA = 1.0
qtd de solucoes = 241
media do valor das solucoes = 9.63
