5
0.10
0.16
200
3235
0
0.00
1934
10.54
1
0.00
ALPHA = 0.1
qtd de solucoes = 200
media do valor das solucoes = 6.99
ALPHA = 0.2
qtd de solucoes = 180
media do valor das solucoes = 7.00
ALPHA = 0.3
qtd de solucoes = 186
media do valor das solucoes = 7.00
ALPHA = 0.4
qtd de solucoes = 183
media do valor das solucoes = 7.00
ALPHA = 0.5
qtd de solucoes = 183
media do valor das solucoes = 6.87
ALPHA = 0.6
qtd de solucoes = 186
media do valor das solucoes = 6.65
ALPHA = 0.7
qtd de solucoes = 195
media do valor das solucoes = 6.33
ALPHA = 0.8
qtd de solucoes = 195
media do valor das solucoes = 6.18
ALPHA = 0.9
qtd de solucoes = 205
media do valor das solucoes = 5.95
ALPHA = 1.0
qtd de solucoes = 221
media do valor das solucoes = 5.69
