3
0.70
0.37
500
46627
0
0.00
331
14.35
65
2.90
ALPHA = 0.1
qtd de solucoes = 40
media do valor das solucoes = 4.00
ALPHA = 0.2
qtd de solucoes = 28
media do valor das solucoes = 4.00
ALPHA = 0.3
qtd de solucoes = 28
media do valor das solucoes = 4.00
ALPHA = 0.4
qtd de solucoes = 37
media do valor das solucoes = 4.00
ALPHA = 0.5
qtd de solucoes = 36
media do valor das solucoes = 4.00
ALPHA = 0.6
qtd de solucoes = 36
media do valor das solucoes = 4.00
ALPHA = 0.7
qtd de solucoes = 35
media do valor das solucoes = 3.83
ALPHA = 0.8
qtd de solucoes = 29
media do valor das solucoes = 3.86
ALPHA = 0.9
qtd de solucoes = 26
media do valor das solucoes = 3.88
ALPHA = 1.0
qtd de solucoes = 36
media do valor das solucoes = 3.72
