3
0.40
0.43
200
8473
0
0.00
1503
10.74
35
0.30
ALPHA = 0.1
qtd de solucoes = 142
media do valor das solucoes = 4.00
ALPHA = 0.2
qtd de solucoes = 147
media do valor das solucoes = 4.00
ALPHA = 0.3
qtd de solucoes = 147
media do valor das solucoes = 4.00
ALPHA = 0.4
qtd de solucoes = 134
media do valor das solucoes = 3.71
ALPHA = 0.5
qtd de solucoes = 134
media do valor das solucoes = 3.69
ALPHA = 0.6
qtd de solucoes = 161
media do valor das solucoes = 3.73
ALPHA = 0.7
qtd de solucoes = 176
media do valor das solucoes = 3.61
ALPHA = 0.8
qtd de solucoes = 158
media do valor das solucoes = 3.37
ALPHA = 0.9
qtd de solucoes = 159
media do valor das solucoes = 3.38
ALPHA = 1.0
qtd de solucoes = 145
media do valor das solucoes = 3.43
