7
1.00
0.01
2277
31421
0
0.00
178
23.08
92
12.09
ALPHA = 0.1
qtd de solucoes = 13
media do valor das solucoes = 8.92
ALPHA = 0.2
qtd de solucoes = 16
media do valor das solucoes = 9.00
ALPHA = 0.3
qtd de solucoes = 18
media do valor das solucoes = 9.00
ALPHA = 0.4
qtd de solucoes = 15
media do valor das solucoes = 9.00
ALPHA = 0.5
qtd de solucoes = 22
media do valor das solucoes = 9.00
ALPHA = 0.6
qtd de solucoes = 22
media do valor das solucoes = 9.18
ALPHA = 0.7
qtd de solucoes = 17
media do valor das solucoes = 9.12
ALPHA = 0.8
qtd de solucoes = 17
media do valor das solucoes = 9.00
ALPHA = 0.9
qtd de solucoes = 17
media do valor das solucoes = 9.00
ALPHA = 1.0
qtd de solucoes = 21
media do valor das solucoes = 8.29
