45
0.20
0.00
12591
49620
0
0.00
106
190.25
13
22.95
ALPHA = 0.1
qtd de solucoes = 10
media do valor das solucoes = 46.10
ALPHA = 0.2
qtd de solucoes = 11
media do valor das solucoes = 45.64
ALPHA = 0.3
qtd de solucoes = 10
media do valor das solucoes = 46.90
ALPHA = 0.4
qtd de solucoes = 11
media do valor das solucoes = 46.73
ALPHA = 0.5
qtd de solucoes = 10
media do valor das solucoes = 47.60
ALPHA = 0.6
qtd de solucoes = 12
media do valor das solucoes = 49.75
ALPHA = 0.7
qtd de solucoes = 10
media do valor das solucoes = 49.20
ALPHA = 0.8
qtd de solucoes = 11
media do valor das solucoes = 50.45
ALPHA = 0.9
qtd de solucoes = 10
media do valor das solucoes = 48.60
ALPHA = 1.0
qtd de solucoes = 11
media do valor das solucoes = 46.64
