7
0.10
0.00
11631
170918
0
0.00
113
92.01
2
1.69
ALPHA = 0.1
qtd de solucoes = 12
media do valor das solucoes = 7.08
ALPHA = 0.2
qtd de solucoes = 12
media do valor das solucoes = 7.50
ALPHA = 0.3
qtd de solucoes = 10
media do valor das solucoes = 7.50
ALPHA = 0.4
qtd de solucoes = 14
media do valor das solucoes = 7.86
ALPHA = 0.5
qtd de solucoes = 11
media do valor das solucoes = 7.91
ALPHA = 0.6
qtd de solucoes = 11
media do valor das solucoes = 8.00
ALPHA = 0.7
qtd de solucoes = 10
media do valor das solucoes = 8.00
ALPHA = 0.8
qtd de solucoes = 12
media do valor das solucoes = 8.00
ALPHA = 0.9
qtd de solucoes = 10
media do valor das solucoes = 8.00
ALPHA = 1.0
qtd de solucoes = 11
media do valor das solucoes = 8.00
