6
1.00
0.01
4039
88234
0
0.00
138
37.58
97
26.88
ALPHA = 0.1
qtd de solucoes = 14
media do valor das solucoes = 7.79
ALPHA = 0.2
qtd de solucoes = 11
media do valor das solucoes = 8.00
ALPHA = 0.3
qtd de solucoes = 13
media do valor das solucoes = 8.00
ALPHA = 0.4
qtd de solucoes = 11
media do valor das solucoes = 8.00
ALPHA = 0.5
qtd de solucoes = 14
media do valor das solucoes = 7.93
ALPHA = 0.6
qtd de solucoes = 18
media do valor das solucoes = 8.00
ALPHA = 0.7
qtd de solucoes = 14
media do valor das solucoes = 8.00
ALPHA = 0.8
qtd de solucoes = 13
media do valor das solucoes = 8.00
ALPHA = 0.9
qtd de solucoes = 12
media do valor das solucoes = 8.00
ALPHA = 1.0
qtd de solucoes = 18
media do valor das solucoes = 6.72
