6
0.10
0.01
1258
7513
0
0.00
601
11.97
1
0.02
ALPHA = 0.1
qtd de solucoes = 64
media do valor das solucoes = 6.00
ALPHA = 0.2
qtd de solucoes = 60
media do valor das solucoes = 6.00
ALPHA = 0.3
qtd de solucoes = 52
media do valor das solucoes = 6.00
ALPHA = 0.4
qtd de solucoes = 62
media do valor das solucoes = 6.00
ALPHA = 0.5
qtd de solucoes = 64
media do valor das solucoes = 6.00
ALPHA = 0.6
qtd de solucoes = 70
media do valor das solucoes = 6.00
ALPHA = 0.7
qtd de solucoes = 57
media do valor das solucoes = 6.00
ALPHA = 0.8
qtd de solucoes = 60
media do valor das solucoes = 6.00
ALPHA = 0.9
qtd de solucoes = 64
media do valor das solucoes = 6.02
ALPHA = 1.0
qtd de solucoes = 48
media do valor das solucoes = 6.62
