6
0.30
0.01
643
2280
0
0.00
1373
10.78
25
0.20
ALPHA = 0.1
qtd de solucoes = 168
media do valor das solucoes = 7.01
ALPHA = 0.2
qtd de solucoes = 120
media do valor das solucoes = 7.00
ALPHA = 0.3
qtd de solucoes = 132
media do valor das solucoes = 6.80
ALPHA = 0.4
qtd de solucoes = 140
media do valor das solucoes = 6.94
ALPHA = 0.5
qtd de solucoes = 146
media do valor das solucoes = 6.82
ALPHA = 0.6
qtd de solucoes = 127
media do valor das solucoes = 6.81
ALPHA = 0.7
qtd de solucoes = 144
media do valor das solucoes = 6.81
ALPHA = 0.8
qtd de solucoes = 145
media do valor das solucoes = 6.83
ALPHA = 0.9
qtd de solucoes = 125
media do valor das solucoes = 6.98
ALPHA = 1.0
qtd de solucoes = 126
media do valor das solucoes = 7.40
