4
0.40
0.04
962
18812
0
0.00
380
13.69
35
1.42
ALPHA = 0.1
qtd de solucoes = 37
media do valor das solucoes = 5.00
ALPHA = 0.2
qtd de solucoes = 40
media do valor das solucoes = 5.00
ALPHA = 0.3
qtd de solucoes = 35
media do valor das solucoes = 5.00
ALPHA = 0.4
qtd de solucoes = 39
media do valor das solucoes = 4.87
ALPHA = 0.5
qtd de solucoes = 38
media do valor das solucoes = 5.00
ALPHA = 0.6
qtd de solucoes = 35
media do valor das solucoes = 4.97
ALPHA = 0.7
qtd de solucoes = 36
media do valor das solucoes = 5.00
ALPHA = 0.8
qtd de solucoes = 32
media do valor das solucoes = 5.03
ALPHA = 0.9
qtd de solucoes = 49
media do valor das solucoes = 5.02
ALPHA = 1.0
qtd de solucoes = 39
media do valor das solucoes = 5.15
