
ALPHA = 0.76
Instance = c-fat500-2
N vertices = 500
N edges = 9139
Density = 0.073259

[Iteration 1] New incumbent solution found! Solution value = 12
[Iteration 2] New incumbent solution found! Solution value = 9

Number of iterations = 13724
Mean of solution values = 10.665039

Best solution found:
Solution value = 9
Number of rounds = 1
Iteration = 2

Burning sequence = 291 240 318 182 424 154 312 310 468 

---------------------------------------------------------------------------------------------------------------------------------

ALPHA = 0.76
Instance = c-fat200-1
N vertices = 200
N edges = 1534
Density = 0.077085

[Iteration 1] New incumbent solution found! Solution value = 10
[Iteration 3] New incumbent solution found! Solution value = 9

Number of iterations = 87264
Mean of solution values = 9.999989

Best solution found:
Solution value = 9
Number of rounds = 1
Iteration = 3

Burning sequence = 118 72 53 92 20 67 176 63 98 

---------------------------------------------------------------------------------------------------------------------------------

ALPHA = 0.76
Instance = netscience
N vertices = 379
N edges = 914
Density = 0.012760

[Iteration 1] New incumbent solution found! Solution value = 9
[Iteration 2] New incumbent solution found! Solution value = 8
[Iteration 3] New incumbent solution found! Solution value = 7
[Iteration 354] New incumbent solution found! Solution value = 6

Number of iterations = 45590
Mean of solution values = 10.098991

Best solution found:
Solution value = 6
Number of rounds = 1
Iteration = 354

Burning sequence = 4 167 69 376 304 36 

---------------------------------------------------------------------------------------------------------------------------------

ALPHA = 0.76
Instance = c-fat500-5
N vertices = 500
N edges = 23191
Density = 0.185900

[Iteration 1] New incumbent solution found! Solution value = 6
[Iteration 2] New incumbent solution found! Solution value = 5

Number of iterations = 26024
Mean of solution values = 5.000038

Best solution found:
Solution value = 5
Number of rounds = 26023
Iteration = 2

Burning sequence = 272 358 297 171 475 

---------------------------------------------------------------------------------------------------------------------------------

ALPHA = 0.76
Instance = ba_1k_2k
N vertices = 1000
N edges = 1996
Density = 0.003996

[Iteration 1] New incumbent solution found! Solution value = 6
[Iteration 2] New incumbent solution found! Solution value = 5

Number of iterations = 104914
Mean of solution values = 5.498990

Best solution found:
Solution value = 5
Number of rounds = 52563
Iteration = 2

Burning sequence = 3 744 971 415 357 

---------------------------------------------------------------------------------------------------------------------------------

ALPHA = 0.76
Instance = reed98
N vertices = 962
N edges = 18812
Density = 0.040697

[Iteration 1] New incumbent solution found! Solution value = 5
[Iteration 2] New incumbent solution found! Solution value = 4

Number of iterations = 62492
Mean of solution values = 4.595516

Best solution found:
Solution value = 4
Number of rounds = 25277
Iteration = 2

Burning sequence = 678 299 572 758 

---------------------------------------------------------------------------------------------------------------------------------

ALPHA = 0.76
Instance = c-fat500-1
N vertices = 500
N edges = 4459
Density = 0.035743

[Iteration 1] New incumbent solution found! Solution value = 14

Number of iterations = 6510
Mean of solution values = 19.020276

Best solution found:
Solution value = 14
Number of rounds = 1
Iteration = 1

Burning sequence = 411 358 238 441 366 454 108 271 71 149 380 262 65 223 

---------------------------------------------------------------------------------------------------------------------------------

ALPHA = 0.76
Instance = polblogs
N vertices = 643
N edges = 2280
Density = 0.011046

[Iteration 1] New incumbent solution found! Solution value = 7
[Iteration 3] New incumbent solution found! Solution value = 6

Number of iterations = 137769
Mean of solution values = 6.555481

Best solution found:
Solution value = 6
Number of rounds = 61241
Iteration = 3

Burning sequence = 21 476 517 322 560 134 

---------------------------------------------------------------------------------------------------------------------------------

ALPHA = 0.76
Instance = chameleon
N vertices = 2277
N edges = 31421
Density = 0.012126

[Iteration 1] New incumbent solution found! Solution value = 9
[Iteration 2] New incumbent solution found! Solution value = 8
[Iteration 6] New incumbent solution found! Solution value = 7

Number of iterations = 20694
Mean of solution values = 8.232966

Best solution found:
Solution value = 7
Number of rounds = 592
Iteration = 6

Burning sequence = 1714 154 2187 1840 1744 838 898 

---------------------------------------------------------------------------------------------------------------------------------

ALPHA = 0.76
Instance = c-fat200-2
N vertices = 200
N edges = 3235
Density = 0.162563

[Iteration 1] New incumbent solution found! Solution value = 7
[Iteration 2] New incumbent solution found! Solution value = 6
[Iteration 3] New incumbent solution found! Solution value = 5

Number of iterations = 107760
Mean of solution values = 5.228944

Best solution found:
Solution value = 5
Number of rounds = 83090
Iteration = 3

Burning sequence = 109 13 60 46 117 

---------------------------------------------------------------------------------------------------------------------------------

ALPHA = 0.76
Instance = c-fat500-10
N vertices = 500
N edges = 46627
Density = 0.373764

[Iteration 1] New incumbent solution found! Solution value = 4

Number of iterations = 25388
Mean of solution values = 4.000000

Best solution found:
Solution value = 4
Number of rounds = 25388
Iteration = 1

Burning sequence = 161 385 238 133 

---------------------------------------------------------------------------------------------------------------------------------

ALPHA = 0.76
Instance = mahindas
N vertices = 1258
N edges = 7513
Density = 0.009502

[Iteration 1] New incumbent solution found! Solution value = 6
[Iteration 2] New incumbent solution found! Solution value = 5

Number of iterations = 55288
Mean of solution values = 5.195703

Best solution found:
Solution value = 5
Number of rounds = 44468
Iteration = 2

Burning sequence = 1032 554 555 1104 574 

---------------------------------------------------------------------------------------------------------------------------------

ALPHA = 0.76
Instance = facebook_tvshow
N vertices = 3892
N edges = 17262
Density = 0.002280

[Iteration 1] New incumbent solution found! Solution value = 12
[Iteration 2] New incumbent solution found! Solution value = 11
[Iteration 4] New incumbent solution found! Solution value = 10

Number of iterations = 19066
Mean of solution values = 11.004353

Best solution found:
Solution value = 10
Number of rounds = 468
Iteration = 4

Burning sequence = 1673 2826 1914 813 3649 2943 1263 3055 2574 1938 

---------------------------------------------------------------------------------------------------------------------------------

ALPHA = 0.76
Instance = c-fat200-5
N vertices = 200
N edges = 8473
Density = 0.425779

[Iteration 1] New incumbent solution found! Solution value = 4
[Iteration 2] New incumbent solution found! Solution value = 3

Number of iterations = 136221
Mean of solution values = 3.000007

Best solution found:
Solution value = 3
Number of rounds = 136220
Iteration = 2

Burning sequence = 15 187 13 

---------------------------------------------------------------------------------------------------------------------------------

ALPHA = 0.76
Instance = facebook_politician
N vertices = 5908
N edges = 41729
Density = 0.002391

[Iteration 1] New incumbent solution found! Solution value = 10
[Iteration 2] New incumbent solution found! Solution value = 9
[Iteration 3] New incumbent solution found! Solution value = 8

Number of iterations = 12381
Mean of solution values = 8.230434

Best solution found:
Solution value = 8
Number of rounds = 9529
Iteration = 3

Burning sequence = 1595 483 2208 2756 258 5514 2457 4957 

---------------------------------------------------------------------------------------------------------------------------------

ALPHA = 0.76
Instance = squirrel
N vertices = 5201
N edges = 198493
Density = 0.014679

[Iteration 1] New incumbent solution found! Solution value = 7
[Iteration 3] New incumbent solution found! Solution value = 6

Number of iterations = 5378
Mean of solution values = 6.552436

Best solution found:
Solution value = 6
Number of rounds = 2407
Iteration = 3

Burning sequence = 5112 2509 4383 4254 1917 113 

---------------------------------------------------------------------------------------------------------------------------------

ALPHA = 0.76
Instance = facebook_government
N vertices = 7057
N edges = 89455
Density = 0.003593

[Iteration 1] New incumbent solution found! Solution value = 7
[Iteration 3] New incumbent solution found! Solution value = 6

Number of iterations = 8299
Mean of solution values = 6.965177

Best solution found:
Solution value = 6
Number of rounds = 289
Iteration = 3

Burning sequence = 5320 3657 3654 467 2215 4396 

---------------------------------------------------------------------------------------------------------------------------------

ALPHA = 0.76
Instance = facebook_ego
N vertices = 4039
N edges = 88234
Density = 0.010820

[Iteration 1] New incumbent solution found! Solution value = 8
[Iteration 2] New incumbent solution found! Solution value = 7
[Iteration 3] New incumbent solution found! Solution value = 6
[Iteration 4] New incumbent solution found! Solution value = 5

Number of iterations = 217
Mean of solution values = 7.649770

Best solution found:
Solution value = 5
Number of rounds = 1
Iteration = 4

Burning sequence = 1912 823 885 790 3706 

---------------------------------------------------------------------------------------------------------------------------------

ALPHA = 0.76
Instance = Cite-DBLP
N vertices = 12591
N edges = 49620
Density = 0.000626

[Iteration 1] New incumbent solution found! Solution value = 41

Number of iterations = 2222
Mean of solution values = 41.004950

Best solution found:
Solution value = 41
Number of rounds = 2211
Iteration = 1

Burning sequence = 106 12058 9061 9306 9696 12082 12564 12565 12572 9683 11442 8418 12570 12585 5964 12587 5298 9192 8725 5807 3090 8497 12573 5687 12580 4024 9918 11416 11971 12568 6189 12122 12590 12581 12584 1644 12578 12575 12118 9633 9632 

---------------------------------------------------------------------------------------------------------------------------------

ALPHA = 0.76
Instance = crocodile
N vertices = 11631
N edges = 170918
Density = 0.002527

[Iteration 1] New incumbent solution found! Solution value = 8
[Iteration 2] New incumbent solution found! Solution value = 7
[Iteration 3] New incumbent solution found! Solution value = 6

Number of iterations = 3794
Mean of solution values = 7.161834

Best solution found:
Solution value = 6
Number of rounds = 124
Iteration = 3

Burning sequence = 11535 8127 4113 10982 97 10426 

---------------------------------------------------------------------------------------------------------------------------------

ALPHA = 0.76
Instance = deezer_hr
N vertices = 54573
N edges = 498202
Density = 0.000335

[Iteration 1] New incumbent solution found! Solution value = 9
[Iteration 2] New incumbent solution found! Solution value = 8
[Iteration 4] New incumbent solution found! Solution value = 7

Number of iterations = 1044
Mean of solution values = 8.000000

Best solution found:
Solution value = 7
Number of rounds = 1
Iteration = 4

Burning sequence = 32083 41560 4429 7664 32336 18872 29353 

---------------------------------------------------------------------------------------------------------------------------------

ALPHA = 0.42
Instance = c-fat200-1
N vertices = 200
N edges = 1534
Density = 0.077085

[Iteration 1] New incumbent solution found! Solution value = 12
[Iteration 2] New incumbent solution found! Solution value = 9

Number of iterations = 87246
Mean of solution values = 10.000011

Best solution found:
Solution value = 9
Number of rounds = 1
Iteration = 2

Burning sequence = 120 146 70 105 168 133 135 137 174 

---------------------------------------------------------------------------------------------------------------------------------

ALPHA = 0.42
Instance = c-fat500-10
N vertices = 500
N edges = 46627
Density = 0.373764

[Iteration 1] New incumbent solution found! Solution value = 5
[Iteration 2] New incumbent solution found! Solution value = 3

Number of iterations = 24570
Mean of solution values = 3.000081

Best solution found:
Solution value = 3
Number of rounds = 24569
Iteration = 2

Burning sequence = 324 24 314 

---------------------------------------------------------------------------------------------------------------------------------

ALPHA = 0.42
Instance = c-fat500-5
N vertices = 500
N edges = 23191
Density = 0.185900

[Iteration 1] New incumbent solution found! Solution value = 7
[Iteration 2] New incumbent solution found! Solution value = 5

Number of iterations = 26316
Mean of solution values = 5.000076

Best solution found:
Solution value = 5
Number of rounds = 26315
Iteration = 2

Burning sequence = 305 263 73 107 236 

---------------------------------------------------------------------------------------------------------------------------------

ALPHA = 0.42
Instance = c-fat200-5
N vertices = 200
N edges = 8473
Density = 0.425779

[Iteration 1] New incumbent solution found! Solution value = 4
[Iteration 2] New incumbent solution found! Solution value = 3

Number of iterations = 127716
Mean of solution values = 3.000008

Best solution found:
Solution value = 3
Number of rounds = 127715
Iteration = 2

Burning sequence = 15 187 13 

---------------------------------------------------------------------------------------------------------------------------------

ALPHA = 0.42
Instance = c-fat200-2
N vertices = 200
N edges = 3235
Density = 0.162563

[Iteration 1] New incumbent solution found! Solution value = 7
[Iteration 2] New incumbent solution found! Solution value = 5

Number of iterations = 122028
Mean of solution values = 5.000016

Best solution found:
Solution value = 5
Number of rounds = 122027
Iteration = 2

Burning sequence = 2 193 28 98 88 

---------------------------------------------------------------------------------------------------------------------------------

ALPHA = 0.42
Instance = c-fat500-2
N vertices = 500
N edges = 9139
Density = 0.073259

[Iteration 1] New incumbent solution found! Solution value = 13
[Iteration 2] New incumbent solution found! Solution value = 8

Number of iterations = 12064
Mean of solution values = 10.999917

Best solution found:
Solution value = 8
Number of rounds = 1
Iteration = 2

Burning sequence = 50 118 182 435 145 32 270 337 

---------------------------------------------------------------------------------------------------------------------------------

ALPHA = 0.42
Instance = polblogs
N vertices = 643
N edges = 2280
Density = 0.011046

[Iteration 1] New incumbent solution found! Solution value = 7
[Iteration 3] New incumbent solution found! Solution value = 6

Number of iterations = 142356
Mean of solution values = 6.597931

Best solution found:
Solution value = 6
Number of rounds = 57237
Iteration = 3

Burning sequence = 21 476 517 322 560 134 

---------------------------------------------------------------------------------------------------------------------------------

ALPHA = 0.42
Instance = netscience
N vertices = 379
N edges = 914
Density = 0.012760

[Iteration 1] New incumbent solution found! Solution value = 10
[Iteration 2] New incumbent solution found! Solution value = 8
[Iteration 3] New incumbent solution found! Solution value = 7

Number of iterations = 74628
Mean of solution values = 9.072600

Best solution found:
Solution value = 7
Number of rounds = 6311
Iteration = 3

Burning sequence = 4 362 181 269 210 222 36 

---------------------------------------------------------------------------------------------------------------------------------

ALPHA = 0.42
Instance = mahindas
N vertices = 1258
N edges = 7513
Density = 0.009502

[Iteration 1] New incumbent solution found! Solution value = 6
[Iteration 2] New incumbent solution found! Solution value = 5

Number of iterations = 66185
Mean of solution values = 5.195437

Best solution found:
Solution value = 5
Number of rounds = 53250
Iteration = 2

Burning sequence = 1032 554 555 1104 574 

---------------------------------------------------------------------------------------------------------------------------------

ALPHA = 0.42
Instance = c-fat500-1
N vertices = 500
N edges = 4459
Density = 0.035743

[Iteration 1] New incumbent solution found! Solution value = 20
[Iteration 2] New incumbent solution found! Solution value = 16

Number of iterations = 9090
Mean of solution values = 17.497030

Best solution found:
Solution value = 16
Number of rounds = 1
Iteration = 2

Burning sequence = 409 428 470 271 387 354 464 277 141 40 458 204 207 369 53 292 

---------------------------------------------------------------------------------------------------------------------------------

ALPHA = 0.42
Instance = chameleon
N vertices = 2277
N edges = 31421
Density = 0.012126

[Iteration 1] New incumbent solution found! Solution value = 9
[Iteration 2] New incumbent solution found! Solution value = 8
[Iteration 4] New incumbent solution found! Solution value = 7

Number of iterations = 21172
Mean of solution values = 8.036841

Best solution found:
Solution value = 7
Number of rounds = 1097
Iteration = 4

Burning sequence = 1714 601 1512 1744 838 1840 898 

---------------------------------------------------------------------------------------------------------------------------------

ALPHA = 0.42
Instance = ba_1k_2k
N vertices = 1000
N edges = 1996
Density = 0.003996

[Iteration 1] New incumbent solution found! Solution value = 6
[Iteration 2] New incumbent solution found! Solution value = 5

Number of iterations = 104500
Mean of solution values = 5.498900

Best solution found:
Solution value = 5
Number of rounds = 52365
Iteration = 2

Burning sequence = 3 744 97 307 357 

---------------------------------------------------------------------------------------------------------------------------------

ALPHA = 0.42
Instance = reed98
N vertices = 962
N edges = 18812
Density = 0.040697

[Iteration 1] New incumbent solution found! Solution value = 5
[Iteration 2] New incumbent solution found! Solution value = 4

Number of iterations = 62307
Mean of solution values = 4.595342

Best solution found:
Solution value = 4
Number of rounds = 25213
Iteration = 2

Burning sequence = 678 299 572 758 

---------------------------------------------------------------------------------------------------------------------------------

ALPHA = 0.42
Instance = facebook_politician
N vertices = 5908
N edges = 41729
Density = 0.002391

[Iteration 1] New incumbent solution found! Solution value = 10
[Iteration 2] New incumbent solution found! Solution value = 9
[Iteration 3] New incumbent solution found! Solution value = 8

Number of iterations = 12537
Mean of solution values = 8.086305

Best solution found:
Solution value = 8
Number of rounds = 11456
Iteration = 3

Burning sequence = 1595 483 2208 2756 1556 4980 2457 4957 

---------------------------------------------------------------------------------------------------------------------------------

ALPHA = 0.42
Instance = facebook_tvshow
N vertices = 3892
N edges = 17262
Density = 0.002280

[Iteration 1] New incumbent solution found! Solution value = 12
[Iteration 2] New incumbent solution found! Solution value = 11
[Iteration 53] New incumbent solution found! Solution value = 10

Number of iterations = 18945
Mean of solution values = 10.992927

Best solution found:
Solution value = 10
Number of rounds = 135
Iteration = 53

Burning sequence = 3525 1352 2943 3196 1168 2135 2175 1938 3055 1263 

---------------------------------------------------------------------------------------------------------------------------------

ALPHA = 0.42
Instance = squirrel
N vertices = 5201
N edges = 198493
Density = 0.014679

[Iteration 1] New incumbent solution found! Solution value = 7
[Iteration 3] New incumbent solution found! Solution value = 6

Number of iterations = 3586
Mean of solution values = 6.556888

Best solution found:
Solution value = 6
Number of rounds = 1589
Iteration = 3

Burning sequence = 5112 2509 714 4290 861 113 

---------------------------------------------------------------------------------------------------------------------------------

ALPHA = 0.42
Instance = facebook_government
N vertices = 7057
N edges = 89455
Density = 0.003593

[Iteration 1] New incumbent solution found! Solution value = 7
[Iteration 3] New incumbent solution found! Solution value = 6

Number of iterations = 8239
Mean of solution values = 6.968079

Best solution found:
Solution value = 6
Number of rounds = 263
Iteration = 3

Burning sequence = 5320 3657 3654 467 2215 4396 

---------------------------------------------------------------------------------------------------------------------------------

ALPHA = 0.42
Instance = facebook_ego
N vertices = 4039
N edges = 88234
Density = 0.010820

[Iteration 1] New incumbent solution found! Solution value = 8
[Iteration 2] New incumbent solution found! Solution value = 7
[Iteration 3] New incumbent solution found! Solution value = 6
[Iteration 4] New incumbent solution found! Solution value = 5

Number of iterations = 217
Mean of solution values = 7.649770

Best solution found:
Solution value = 5
Number of rounds = 1
Iteration = 4

Burning sequence = 1912 823 885 790 3706 

---------------------------------------------------------------------------------------------------------------------------------

ALPHA = 0.42
Instance = crocodile
N vertices = 11631
N edges = 170918
Density = 0.002527

[Iteration 1] New incumbent solution found! Solution value = 9
[Iteration 2] New incumbent solution found! Solution value = 8
[Iteration 3] New incumbent solution found! Solution value = 7
[Iteration 12] New incumbent solution found! Solution value = 6

Number of iterations = 3331
Mean of solution values = 7.080156

Best solution found:
Solution value = 6
Number of rounds = 213
Iteration = 12

Burning sequence = 11535 10982 4113 97 8127 688 

---------------------------------------------------------------------------------------------------------------------------------

ALPHA = 0.42
Instance = Cite-DBLP
N vertices = 12591
N edges = 49620
Density = 0.000626

[Iteration 1] New incumbent solution found! Solution value = 41

Number of iterations = 2215
Mean of solution values = 41.004966

Best solution found:
Solution value = 41
Number of rounds = 2204
Iteration = 1

Burning sequence = 106 12058 9061 9306 9696 12082 12564 12565 12572 9683 11442 8418 12570 12585 5964 12587 5298 9192 8725 5807 3090 8497 12573 5687 12580 4024 9918 11416 11971 12568 6189 12122 12590 12581 12584 1644 12578 12575 12118 9633 9632 

---------------------------------------------------------------------------------------------------------------------------------

ALPHA = 0.42
Instance = deezer_hr
N vertices = 54573
N edges = 498202
Density = 0.000335

[Iteration 1] New incumbent solution found! Solution value = 9
[Iteration 2] New incumbent solution found! Solution value = 8
[Iteration 4] New incumbent solution found! Solution value = 7

Number of iterations = 1046
Mean of solution values = 8.000000

Best solution found:
Solution value = 7
Number of rounds = 1
Iteration = 4

Burning sequence = 32083 41560 4429 7664 32336 18872 29353 

---------------------------------------------------------------------------------------------------------------------------------

ALPHA = 0.42
Seed = 2086396276
Instance = c-fat200-1
N vertices = 200
N edges = 1534
Density = 0.077085

[Iteration 1] New incumbent solution found! Solution value = 14
[Iteration 2] New incumbent solution found! Solution value = 9

Number of iterations = 87082
Mean of solution values = 10.000034

Best solution found:
Solution value = 9
Number of rounds = 1
Iteration = 2

Burning sequence = 42 166 168 170 103 101 68 35 145 

---------------------------------------------------------------------------------------------------------------------------------

ALPHA = 0.42
Seed = 2087884685
Instance = c-fat500-2
N vertices = 500
N edges = 9139
Density = 0.073259

[Iteration 1] New incumbent solution found! Solution value = 13
[Iteration 2] New incumbent solution found! Solution value = 8

Number of iterations = 12063
Mean of solution values = 10.999917

Best solution found:
Solution value = 8
Number of rounds = 1
Iteration = 2

Burning sequence = 169 381 397 304 394 427 471 70 

---------------------------------------------------------------------------------------------------------------------------------

ALPHA = 0.42
Seed = 2089442345
Instance = netscience
N vertices = 379
N edges = 914
Density = 0.012760

[Iteration 1] New incumbent solution found! Solution value = 10
[Iteration 2] New incumbent solution found! Solution value = 8
[Iteration 5] New incumbent solution found! Solution value = 7

Number of iterations = 74514
Mean of solution values = 9.068511

Best solution found:
Solution value = 7
Number of rounds = 6464
Iteration = 5

Burning sequence = 4 362 182 350 269 223 36 

---------------------------------------------------------------------------------------------------------------------------------

ALPHA = 0.42
Seed = 2086919905
Instance = ba_1k_2k
N vertices = 1000
N edges = 1996
Density = 0.003996

[Iteration 1] New incumbent solution found! Solution value = 6
[Iteration 2] New incumbent solution found! Solution value = 5

Number of iterations = 104763
Mean of solution values = 5.497218

Best solution found:
Solution value = 5
Number of rounds = 52673
Iteration = 2

Burning sequence = 3 744 815 134 561 

---------------------------------------------------------------------------------------------------------------------------------

ALPHA = 0.42
Seed = 2089498528
Instance = polblogs
N vertices = 643
N edges = 2280
Density = 0.011046

[Iteration 1] New incumbent solution found! Solution value = 7
[Iteration 2] New incumbent solution found! Solution value = 6

Number of iterations = 139058
Mean of solution values = 6.596147

Best solution found:
Solution value = 6
Number of rounds = 56159
Iteration = 2

Burning sequence = 223 517 322 476 288 349 

---------------------------------------------------------------------------------------------------------------------------------

ALPHA = 0.42
Seed = 2087673411
Instance = c-fat500-10
N vertices = 500
N edges = 46627
Density = 0.373764

[Iteration 1] New incumbent solution found! Solution value = 5
[Iteration 2] New incumbent solution found! Solution value = 3

Number of iterations = 22479
Mean of solution values = 3.000089

Best solution found:
Solution value = 3
Number of rounds = 22478
Iteration = 2

Burning sequence = 22 490 307 

---------------------------------------------------------------------------------------------------------------------------------

ALPHA = 0.42
Seed = 2087671155
Instance = c-fat500-1
N vertices = 500
N edges = 4459
Density = 0.035743

[Iteration 1] New incumbent solution found! Solution value = 18
[Iteration 2] New incumbent solution found! Solution value = 17

Number of iterations = 9375
Mean of solution values = 17.000107

Best solution found:
Solution value = 17
Number of rounds = 9374
Iteration = 2

Burning sequence = 251 394 392 108 190 468 146 34 36 222 119 459 454 125 291 49 288 

---------------------------------------------------------------------------------------------------------------------------------

ALPHA = 0.42
Seed = 2088162331
Instance = chameleon
N vertices = 2277
N edges = 31421
Density = 0.012126

[Iteration 1] New incumbent solution found! Solution value = 9
[Iteration 2] New incumbent solution found! Solution value = 8
[Iteration 27] New incumbent solution found! Solution value = 7

Number of iterations = 21035
Mean of solution values = 8.038174

Best solution found:
Solution value = 7
Number of rounds = 1050
Iteration = 27

Burning sequence = 1714 2113 2029 1744 838 1840 898 

---------------------------------------------------------------------------------------------------------------------------------

ALPHA = 0.42
Seed = 2089718871
Instance = reed98
N vertices = 962
N edges = 18812
Density = 0.040697

[Iteration 1] New incumbent solution found! Solution value = 5
[Iteration 3] New incumbent solution found! Solution value = 4

Number of iterations = 59772
Mean of solution values = 4.596048

Best solution found:
Solution value = 4
Number of rounds = 24145
Iteration = 3

Burning sequence = 645 396 572 597 

---------------------------------------------------------------------------------------------------------------------------------

ALPHA = 0.42
Seed = 2087870491
Instance = c-fat200-5
N vertices = 200
N edges = 8473
Density = 0.425779

[Iteration 1] New incumbent solution found! Solution value = 4
[Iteration 2] New incumbent solution found! Solution value = 3

Number of iterations = 130804
Mean of solution values = 3.000008

Best solution found:
Solution value = 3
Number of rounds = 130803
Iteration = 2

Burning sequence = 26 197 149 

---------------------------------------------------------------------------------------------------------------------------------

ALPHA = 0.42
Seed = 2089185571
Instance = mahindas
N vertices = 1258
N edges = 7513
Density = 0.009502

[Iteration 1] New incumbent solution found! Solution value = 6
[Iteration 2] New incumbent solution found! Solution value = 5

Number of iterations = 60877
Mean of solution values = 5.195854

Best solution found:
Solution value = 5
Number of rounds = 48954
Iteration = 2

Burning sequence = 1015 554 555 1187 1144 

---------------------------------------------------------------------------------------------------------------------------------

ALPHA = 0.42
Seed = 2088041518
Instance = c-fat500-5
N vertices = 500
N edges = 23191
Density = 0.185900

[Iteration 1] New incumbent solution found! Solution value = 8
[Iteration 2] New incumbent solution found! Solution value = 5

Number of iterations = 22749
Mean of solution values = 5.000132

Best solution found:
Solution value = 5
Number of rounds = 22748
Iteration = 2

Burning sequence = 194 427 329 40 438 

---------------------------------------------------------------------------------------------------------------------------------

ALPHA = 0.42
Seed = 2089014198
Instance = facebook_tvshow
N vertices = 3892
N edges = 17262
Density = 0.002280

[Iteration 1] New incumbent solution found! Solution value = 12
[Iteration 2] New incumbent solution found! Solution value = 11
[Iteration 571] New incumbent solution found! Solution value = 10

Number of iterations = 18981
Mean of solution values = 10.992993

Best solution found:
Solution value = 10
Number of rounds = 143
Iteration = 571

Burning sequence = 1673 2826 1914 2943 3649 2560 2574 2175 3055 1263 

---------------------------------------------------------------------------------------------------------------------------------

ALPHA = 0.42
Seed = 2087668435
Instance = c-fat200-2
N vertices = 200
N edges = 3235
Density = 0.162563

[Iteration 1] New incumbent solution found! Solution value = 7
[Iteration 2] New incumbent solution found! Solution value = 6

Number of iterations = 134624
Mean of solution values = 6.000007

Best solution found:
Solution value = 6
Number of rounds = 134623
Iteration = 2

Burning sequence = 181 193 155 189 133 78 

---------------------------------------------------------------------------------------------------------------------------------

ALPHA = 0.42
Seed = 2088755968
Instance = facebook_government
N vertices = 7057
N edges = 89455
Density = 0.003593

[Iteration 1] New incumbent solution found! Solution value = 7
[Iteration 6] New incumbent solution found! Solution value = 6

Number of iterations = 8239
Mean of solution values = 6.964680

Best solution found:
Solution value = 6
Number of rounds = 291
Iteration = 6

Burning sequence = 6615 3654 467 2215 3657 5177 

---------------------------------------------------------------------------------------------------------------------------------

ALPHA = 0.42
Seed = 2089154808
Instance = facebook_politician
N vertices = 5908
N edges = 41729
Density = 0.002391

[Iteration 1] New incumbent solution found! Solution value = 10
[Iteration 2] New incumbent solution found! Solution value = 9
[Iteration 3] New incumbent solution found! Solution value = 8

Number of iterations = 10990
Mean of solution values = 8.088990

Best solution found:
Solution value = 8
Number of rounds = 10013
Iteration = 3

Burning sequence = 1595 2208 483 2756 5080 1967 3642 4605 

---------------------------------------------------------------------------------------------------------------------------------

ALPHA = 0.42
Seed = 2090491649
Instance = squirrel
N vertices = 5201
N edges = 198493
Density = 0.014679

[Iteration 1] New incumbent solution found! Solution value = 7
[Iteration 2] New incumbent solution found! Solution value = 6

Number of iterations = 4911
Mean of solution values = 6.561596

Best solution found:
Solution value = 6
Number of rounds = 2153
Iteration = 2

Burning sequence = 4365 4563 2293 680 2509 165 

---------------------------------------------------------------------------------------------------------------------------------

ALPHA = 0.42
Seed = 2088615995
Instance = facebook_ego
N vertices = 4039
N edges = 88234
Density = 0.010820

[Iteration 1] New incumbent solution found! Solution value = 8
[Iteration 2] New incumbent solution found! Solution value = 6
[Iteration 3] New incumbent solution found! Solution value = 5

Number of iterations = 235
Mean of solution values = 7.651064

Best solution found:
Solution value = 5
Number of rounds = 2
Iteration = 3

Burning sequence = 1912 891 866 688 3947 

---------------------------------------------------------------------------------------------------------------------------------

ALPHA = 0.42
Seed = 2088358688
Instance = crocodile
N vertices = 11631
N edges = 170918
Density = 0.002527

[Iteration 1] New incumbent solution found! Solution value = 9
[Iteration 2] New incumbent solution found! Solution value = 7
[Iteration 20] New incumbent solution found! Solution value = 6

Number of iterations = 4333
Mean of solution values = 7.090007

Best solution found:
Solution value = 6
Number of rounds = 259
Iteration = 20

Burning sequence = 11535 97 4113 10982 8127 11597 

---------------------------------------------------------------------------------------------------------------------------------

ALPHA = 0.42
Seed = 2086767135
Instance = Cite-DBLP
N vertices = 12591
N edges = 49620
Density = 0.000626

[Iteration 1] New incumbent solution found! Solution value = 41

Number of iterations = 2193
Mean of solution values = 41.002736

Best solution found:
Solution value = 41
Number of rounds = 2187
Iteration = 1

Burning sequence = 202 12058 5964 12578 9917 9697 8417 9305 5688 9682 12582 12583 12572 3089 9062 9191 12570 6189 12121 11443 11416 4025 8726 12083 12567 12564 12119 8497 9632 12580 5808 11971 12585 12576 1644 5299 12574 12588 12566 12590 12589 

---------------------------------------------------------------------------------------------------------------------------------

ALPHA = 0.42
Seed = 2088439501
Instance = deezer_hr
N vertices = 54573
N edges = 498202
Density = 0.000335

[Iteration 1] New incumbent solution found! Solution value = 8
[Iteration 3] New incumbent solution found! Solution value = 7

Number of iterations = 1032
Mean of solution values = 7.999031

Best solution found:
Solution value = 7
Number of rounds = 1
Iteration = 3

Burning sequence = 32083 29353 38022 18872 41560 32336 7664 

---------------------------------------------------------------------------------------------------------------------------------
