
Instance = Cite-DBLP
N vertices = 12591
N edges = 49620

[Iteration 1] New incumbent solution found! Solution value = 41

Number of iterations = 2833
Mean of solution values = 41.037769

Best solution found:
Solution value = 41
Number of rounds = 2740
Iteration = 1

Burning sequence = 106 12058 9061 9306 9696 12082 12564 12565 12572 9683 11442 8418 12570 12585 5964 12587 5298 9192 8725 5807 3090 8497 12573 5687 12580 4024 9918 11416 11971 12568 6189 12122 12590 12581 12584 1644 12578 12575 12118 9633 9632 

---------------------------------------------------------------------------------------------------------------------------------

Instance = ba_1k_2k
N vertices = 1000
N edges = 1996

[Iteration 1] New incumbent solution found! Solution value = 6
[Iteration 2] New incumbent solution found! Solution value = 5

Number of iterations = 140757
Mean of solution values = 5.507122

Best solution found:
Solution value = 5
Number of rounds = 69376
Iteration = 2

Burning sequence = 3 744 97 307 357 

---------------------------------------------------------------------------------------------------------------------------------

Instance = c-fat200-1
N vertices = 200
N edges = 1534

[Iteration 1] New incumbent solution found! Solution value = 18
[Iteration 2] New incumbent solution found! Solution value = 11
[Iteration 3] New incumbent solution found! Solution value = 9

Number of iterations = 112484
Mean of solution values = 10.010099

Best solution found:
Solution value = 9
Number of rounds = 1
Iteration = 3

Burning sequence = 154 90 107 130 58 140 64 99 173 

---------------------------------------------------------------------------------------------------------------------------------

Instance = c-fat200-2
N vertices = 200
N edges = 3235

[Iteration 1] New incumbent solution found! Solution value = 10
[Iteration 2] New incumbent solution found! Solution value = 6
[Iteration 43] New incumbent solution found! Solution value = 5

Number of iterations = 157503
Mean of solution values = 5.135572

Best solution found:
Solution value = 5
Number of rounds = 136323
Iteration = 43

Burning sequence = 36 48 152 6 5 

---------------------------------------------------------------------------------------------------------------------------------

Instance = c-fat200-5
N vertices = 200
N edges = 8473

[Iteration 1] New incumbent solution found! Solution value = 4
[Iteration 2] New incumbent solution found! Solution value = 3

Number of iterations = 185486
Mean of solution values = 3.043949

Best solution found:
Solution value = 3
Number of rounds = 177334
Iteration = 2

Burning sequence = 15 187 13 

---------------------------------------------------------------------------------------------------------------------------------

Instance = c-fat500-1
N vertices = 500
N edges = 4459

[Iteration 1] New incumbent solution found! Solution value = 32
[Iteration 2] New incumbent solution found! Solution value = 18
[Iteration 3] New incumbent solution found! Solution value = 17

Number of iterations = 12875
Mean of solution values = 17.067573

Best solution found:
Solution value = 17
Number of rounds = 12043
Iteration = 3

Burning sequence = 408 265 267 151 469 351 146 34 463 117 439 139 54 44 126 370 450 

---------------------------------------------------------------------------------------------------------------------------------

Instance = c-fat500-10
N vertices = 500
N edges = 46627

[Iteration 1] New incumbent solution found! Solution value = 5
[Iteration 2] New incumbent solution found! Solution value = 3

Number of iterations = 29985
Mean of solution values = 3.377355

Best solution found:
Solution value = 3
Number of rounds = 18671
Iteration = 2

Burning sequence = 324 24 314 

---------------------------------------------------------------------------------------------------------------------------------

Instance = c-fat500-2
N vertices = 500
N edges = 9139

[Iteration 1] New incumbent solution found! Solution value = 19
[Iteration 2] New incumbent solution found! Solution value = 11
[Iteration 3] New incumbent solution found! Solution value = 10

Number of iterations = 21390
Mean of solution values = 10.034689

Best solution found:
Solution value = 10
Number of rounds = 20656
Iteration = 3

Burning sequence = 370 80 140 22 436 385 227 112 470 70 

---------------------------------------------------------------------------------------------------------------------------------

Instance = c-fat500-5
N vertices = 500
N edges = 23191

[Iteration 1] New incumbent solution found! Solution value = 9
[Iteration 2] New incumbent solution found! Solution value = 5

Number of iterations = 34048
Mean of solution values = 5.011131

Best solution found:
Solution value = 5
Number of rounds = 33672
Iteration = 2

Burning sequence = 290 346 234 405 359 

---------------------------------------------------------------------------------------------------------------------------------

Instance = chameleon
N vertices = 2277
N edges = 31421

[Iteration 1] New incumbent solution found! Solution value = 9
[Iteration 2] New incumbent solution found! Solution value = 8
[Iteration 19] New incumbent solution found! Solution value = 7

Number of iterations = 26750
Mean of solution values = 8.188523

Best solution found:
Solution value = 7
Number of rounds = 892
Iteration = 19

Burning sequence = 1714 2187 817 1744 665 1840 898 

---------------------------------------------------------------------------------------------------------------------------------

Instance = crocodile
N vertices = 11631
N edges = 170918

[Iteration 1] New incumbent solution found! Solution value = 9
[Iteration 2] New incumbent solution found! Solution value = 8
[Iteration 3] New incumbent solution found! Solution value = 7
[Iteration 11] New incumbent solution found! Solution value = 6

Number of iterations = 5582
Mean of solution values = 7.156037

Best solution found:
Solution value = 6
Number of rounds = 221
Iteration = 11

Burning sequence = 11535 97 4113 8127 10982 9490 

---------------------------------------------------------------------------------------------------------------------------------

Instance = deezer_hr
N vertices = 54573
N edges = 498202

[Iteration 1] New incumbent solution found! Solution value = 9
[Iteration 2] New incumbent solution found! Solution value = 8
[Iteration 4] New incumbent solution found! Solution value = 7

Number of iterations = 1329
Mean of solution values = 8.000000

Best solution found:
Solution value = 7
Number of rounds = 1
Iteration = 4

Burning sequence = 32083 41560 4429 7664 32336 18872 29353 

---------------------------------------------------------------------------------------------------------------------------------

Instance = facebook_ego
N vertices = 4039
N edges = 88234

[Iteration 1] New incumbent solution found! Solution value = 8
[Iteration 2] New incumbent solution found! Solution value = 7
[Iteration 3] New incumbent solution found! Solution value = 6
[Iteration 4] New incumbent solution found! Solution value = 5

Number of iterations = 292
Mean of solution values = 7.602740

Best solution found:
Solution value = 5
Number of rounds = 1
Iteration = 4

Burning sequence = 1912 823 885 790 3706 

---------------------------------------------------------------------------------------------------------------------------------

Instance = facebook_government
N vertices = 7057
N edges = 89455

[Iteration 1] New incumbent solution found! Solution value = 7
[Iteration 3] New incumbent solution found! Solution value = 6

Number of iterations = 10571
Mean of solution values = 6.966796

Best solution found:
Solution value = 6
Number of rounds = 351
Iteration = 3

Burning sequence = 5320 3657 3654 467 2215 4396 

---------------------------------------------------------------------------------------------------------------------------------

Instance = facebook_politician
N vertices = 5908
N edges = 41729

[Iteration 1] New incumbent solution found! Solution value = 10
[Iteration 2] New incumbent solution found! Solution value = 9
[Iteration 3] New incumbent solution found! Solution value = 8

Number of iterations = 15752
Mean of solution values = 8.210703

Best solution found:
Solution value = 8
Number of rounds = 12445
Iteration = 3

Burning sequence = 1595 483 2208 2756 4066 4980 2457 4957 

---------------------------------------------------------------------------------------------------------------------------------

Instance = facebook_tvshow
N vertices = 3892
N edges = 17262

[Iteration 1] New incumbent solution found! Solution value = 12
[Iteration 2] New incumbent solution found! Solution value = 11
[Iteration 75] New incumbent solution found! Solution value = 10

Number of iterations = 24348
Mean of solution values = 11.010678

Best solution found:
Solution value = 10
Number of rounds = 337
Iteration = 75

Burning sequence = 1673 2943 3649 2574 2560 2175 1263 437 2826 1914 

---------------------------------------------------------------------------------------------------------------------------------

Instance = mahindas
N vertices = 1258
N edges = 7513

[Iteration 1] New incumbent solution found! Solution value = 6
[Iteration 2] New incumbent solution found! Solution value = 5

Number of iterations = 86864
Mean of solution values = 5.261443

Best solution found:
Solution value = 5
Number of rounds = 64154
Iteration = 2

Burning sequence = 1032 554 555 1104 574 

---------------------------------------------------------------------------------------------------------------------------------

Instance = netscience
N vertices = 379
N edges = 914

[Iteration 1] New incumbent solution found! Solution value = 12
[Iteration 2] New incumbent solution found! Solution value = 11
[Iteration 3] New incumbent solution found! Solution value = 8
[Iteration 6] New incumbent solution found! Solution value = 7
[Iteration 3666] New incumbent solution found! Solution value = 6

Number of iterations = 60281
Mean of solution values = 10.138253

Best solution found:
Solution value = 6
Number of rounds = 1
Iteration = 3666

Burning sequence = 4 66 270 376 304 36 

---------------------------------------------------------------------------------------------------------------------------------

Instance = polblogs
N vertices = 643
N edges = 2280

[Iteration 1] New incumbent solution found! Solution value = 7
[Iteration 3] New incumbent solution found! Solution value = 6

Number of iterations = 187466
Mean of solution values = 6.571405

Best solution found:
Solution value = 6
Number of rounds = 80347
Iteration = 3

Burning sequence = 21 476 517 322 560 134 

---------------------------------------------------------------------------------------------------------------------------------

Instance = reed98
N vertices = 962
N edges = 18812

[Iteration 1] New incumbent solution found! Solution value = 5
[Iteration 2] New incumbent solution found! Solution value = 4

Number of iterations = 80147
Mean of solution values = 4.629231

Best solution found:
Solution value = 4
Number of rounds = 29716
Iteration = 2

Burning sequence = 678 299 572 758 

---------------------------------------------------------------------------------------------------------------------------------

Instance = squirrel
N vertices = 5201
N edges = 198493

[Iteration 1] New incumbent solution found! Solution value = 7
[Iteration 3] New incumbent solution found! Solution value = 6

Number of iterations = 6895
Mean of solution values = 6.566788

Best solution found:
Solution value = 6
Number of rounds = 2987
Iteration = 3

Burning sequence = 5112 2509 3431 1451 4716 113 

---------------------------------------------------------------------------------------------------------------------------------
